1654007794243	geckodriver	INFO	Listening on 127.0.0.1:54375
1654007797342	mozrunner::runner	INFO	Running command: "C:\\Program Files\\Mozilla Firefox\\firefox.exe" "--marionette" "--remote-debugging-port" "54376" "--remote-allow-hosts" "localhost" "-no-remote" "-profile" "C:\\Users\\jcuenca2\\AppData\\Local\\Temp\\1\\rust_mozprofilePUSF8E"
1654007797918	Marionette	INFO	Marionette enabled
console.warn: SearchSettings: "get: No settings file exists, new profile?" (new NotFoundError("Could not open the file at C:\\Users\\jcuenca2\\AppData\\Local\\Temp\\1\\rust_mozprofilePUSF8E\\search.json.mozlz4", (void 0)))
DevTools listening on ws://localhost:54376/devtools/browser/91f28d75-df47-45f1-ab84-f7cf83328bfa
1654007801619	Marionette	INFO	Listening on port 54402
Read port: 54402
1654007801711	RemoteAgent	WARN	TLS certificate errors will be ignored for this session
1654007810669	Marionette	INFO	Stopped listening on port 54402
console.warn: TopSitesFeed: Failed to fetch data from Contile server: NetworkError when attempting to fetch resource.
1654008347255	geckodriver	INFO	Listening on 127.0.0.1:54767
1654008350334	mozrunner::runner	INFO	Running command: "C:\\Program Files\\Mozilla Firefox\\firefox.exe" "--marionette" "--remote-debugging-port" "54768" "--remote-allow-hosts" "localhost" "-no-remote" "-profile" "C:\\Users\\jcuenca2\\AppData\\Local\\Temp\\1\\rust_mozprofileg6PVFm"
1654008350714	Marionette	INFO	Marionette enabled
console.warn: SearchSettings: "get: No settings file exists, new profile?" (new NotFoundError("Could not open the file at C:\\Users\\jcuenca2\\AppData\\Local\\Temp\\1\\rust_mozprofileg6PVFm\\search.json.mozlz4", (void 0)))
DevTools listening on ws://localhost:54768/devtools/browser/fce0ea44-498c-43d3-b5b7-e63cb162a291
1654008353225	Marionette	INFO	Listening on port 54791
Read port: 54791
1654008353370	RemoteAgent	WARN	TLS certificate errors will be ignored for this session
JavaScript error: jar:file:///C:/Program%20Files/Mozilla%20Firefox/browser/features/webcompat@mozilla.org.xpi!/experiment-apis/matchPatterns.js, line 18: NS_ERROR_MALFORMED_URI: 
1654008358469	Marionette	INFO	Stopped listening on port 54791
console.warn: TopSitesFeed: Failed to fetch data from Contile server: NetworkError when attempting to fetch resource.
1654008379999	geckodriver	INFO	Listening on 127.0.0.1:54835
1654008383059	mozrunner::runner	INFO	Running command: "C:\\Program Files\\Mozilla Firefox\\firefox.exe" "--marionette" "--remote-debugging-port" "54836" "--remote-allow-hosts" "localhost" "-no-remote" "-profile" "C:\\Users\\jcuenca2\\AppData\\Local\\Temp\\1\\rust_mozprofileRhRU94"
1654008383463	Marionette	INFO	Marionette enabled
console.warn: SearchSettings: "get: No settings file exists, new profile?" (new NotFoundError("Could not open the file at C:\\Users\\jcuenca2\\AppData\\Local\\Temp\\1\\rust_mozprofileRhRU94\\search.json.mozlz4", (void 0)))
DevTools listening on ws://localhost:54836/devtools/browser/d2b13890-bcef-4d20-9c07-4c645de9b7f4
1654008385825	Marionette	INFO	Listening on port 54858
Read port: 54858
1654008385894	RemoteAgent	WARN	TLS certificate errors will be ignored for this session
1654008591003	Marionette	INFO	Stopped listening on port 54858
console.warn: TopSitesFeed: Failed to fetch data from Contile server: NetworkError when attempting to fetch resource.

###!!! [Parent][PGPUParent] Error: RunMessage(msgname=PGPU::Msg_ShutdownVR) Channel closing: too late to send/recv, messages will be lost

ozprofiledbEgIs"
1654008454380	Marionette	INFO	Marionette enabled
console.warn: SearchSettings: "get: No settings file exists, new profile?" (new NotFoundError("Could not open the file at C:\\Users\\jcuenca2\\AppData\\Local\\Temp\\1\\rust_mozprofiledbEgIs\\search.json.mozlz4", (void 0)))
DevTools listening on ws://localhost:54917/devtools/browser/38a70503-083c-477a-ad94-93320368ba7b
1654008456990	Marionette	INFO	Listening on port 54942
Read port: 54942
1654008457131	RemoteAgent	WARN	TLS certificate errors will be ignored for this session
1654008589405	Marionette	INFO	Stopped listening on port 54942
console.warn: TopSitesFeed: Failed to fetch data from Contile server: NetworkError when attempting to fetch resource.

###!!! [Parent][PGPUParent] Error: RunMessage(msgname=PGPU::Msg_ShutdownVR) Channel closing: too late to send/recv, messages will be lost

ozprofilegKYiYC"
1654008476353	Marionette	INFO	Marionette enabled
console.warn: SearchSettings: "get: No settings file exists, new profile?" (new NotFoundError("Could not open the file at C:\\Users\\jcuenca2\\AppData\\Local\\Temp\\1\\rust_mozprofilegKYiYC\\search.json.mozlz4", (void 0)))
DevTools listening on ws://localhost:54972/devtools/browser/0ef83b3d-6c41-4c25-9e54-83d4acbde3d9
1654008479144	Marionette	INFO	Listening on port 54998
Read port: 54998
1654008479262	RemoteAgent	WARN	TLS certificate errors will be ignored for this session
JavaScript error: jar:file:///C:/Program%20Files/Mozilla%20Firefox/browser/features/webcompat@mozilla.org.xpi!/experiment-apis/matchPatterns.js, line 18: NS_ERROR_MALFORMED_URI: 
1654008488837	Marionette	INFO	Stopped listening on port 54998
console.warn: TopSitesFeed: Failed to fetch data from Contile server: NetworkError when attempting to fetch resource.
1654008772146	geckodriver	INFO	Listening on 127.0.0.1:55158
1654008775207	mozrunner::runner	INFO	Running command: "C:\\Program Files\\Mozilla Firefox\\firefox.exe" "--marionette" "--remote-debugging-port" "55159" "--remote-allow-hosts" "localhost" "-no-remote" "-profile" "C:\\Users\\jcuenca2\\AppData\\Local\\Temp\\1\\rust_mozprofilegWp3si"
1654008775693	Marionette	INFO	Marionette enabled
console.warn: SearchSettings: "get: No settings file exists, new profile?" (new NotFoundError("Could not open the file at C:\\Users\\jcuenca2\\AppData\\Local\\Temp\\1\\rust_mozprofilegWp3si\\search.json.mozlz4", (void 0)))
DevTools listening on ws://localhost:55159/devtools/browser/27cc4b20-12d5-4e5a-8311-f8821c0f9514
1654008778213	Marionette	INFO	Listening on port 55189
Read port: 55189
1654008778341	RemoteAgent	WARN	TLS certificate errors will be ignored for this session
1654008782244	Marionette	INFO	Stopped listening on port 55189
console.warn: TopSitesFeed: Failed to fetch data from Contile server: NetworkError when attempting to fetch resource.
1654008788245	geckodriver	INFO	Listening on 127.0.0.1:55218
1654008791328	mozrunner::runner	INFO	Running command: "C:\\Program Files\\Mozilla Firefox\\firefox.exe" "--marionette" "--remote-debugging-port" "55219" "--remote-allow-hosts" "localhost" "-no-remote" "-profile" "C:\\Users\\jcuenca2\\AppData\\Local\\Temp\\1\\rust_mozprofileev6rq8"
1654008791732	Marionette	INFO	Marionette enabled
console.warn: SearchSettings: "get: No settings file exists, new profile?" (new NotFoundError("Could not open the file at C:\\Users\\jcuenca2\\AppData\\Local\\Temp\\1\\rust_mozprofileev6rq8\\search.json.mozlz4", (void 0)))
DevTools listening on ws://localhost:55219/devtools/browser/a267dcc3-8b11-4720-af44-d5809adc8ddc
1654008794223	Marionette	INFO	Listening on port 55243
Read port: 55243
1654008794375	RemoteAgent	WARN	TLS certificate errors will be ignored for this session
JavaScript error: jar:file:///C:/Program%20Files/Mozilla%20Firefox/browser/features/webcompat@mozilla.org.xpi!/experiment-apis/matchPatterns.js, line 18: NS_ERROR_MALFORMED_URI: 
1654009508289	Marionette	INFO	Stopped listening on port 55243
console.warn: TopSitesFeed: Failed to fetch data from Contile server: NetworkError when attempting to fetch resource.

###!!! [Parent][PGPUParent] Error: RunMessage(msgname=PGPU::Msg_ShutdownVR) Channel closing: too late to send/recv, messages will be lost

